<?xml version="1.0" encoding="UTF-8"?>
<testng-results ignored="0" total="1" passed="1" failed="0" skipped="0">
  <reporter-output>
  </reporter-output>
  <suite started-at="2022-03-15T18:56:41 EDT" name="Suite" finished-at="2022-03-15T18:57:00 EDT" duration-ms="18593">
    <groups>
      <group name="cucumber">
        <method signature="AbstractTestNGCucumberTests.runScenario(cucumber.api.testng.PickleEventWrapper,cucumber.api.testng.CucumberFeatureWrapper)[pri:0, instance:com.runner.RunnerFile@4d5650ae]" name="runScenario" class="cucumber.api.testng.AbstractTestNGCucumberTests"/>
      </group> <!-- cucumber -->
    </groups>
    <test started-at="2022-03-15T18:56:41 EDT" name="Test" finished-at="2022-03-15T18:57:00 EDT" duration-ms="18593">
      <class name="com.runner.RunnerFile">
        <test-method is-config="true" signature="setUpClass()[pri:0, instance:com.runner.RunnerFile@4d5650ae]" started-at="2022-03-15T18:56:41 EDT" name="setUpClass" finished-at="2022-03-15T18:56:41 EDT" duration-ms="136" status="PASS">
          <reporter-output>
          </reporter-output>
        </test-method> <!-- setUpClass -->
        <test-method signature="runScenario(cucumber.api.testng.PickleEventWrapper,cucumber.api.testng.CucumberFeatureWrapper)[pri:0, instance:com.runner.RunnerFile@4d5650ae]" started-at="2022-03-15T18:56:41 EDT" name="runScenario" description="Runs Cucumber Scenarios" data-provider="scenarios" finished-at="2022-03-15T18:56:59 EDT" duration-ms="18353" status="PASS">
          <params>
            <param index="0">
              <value>
                <![CDATA["As an User, I will be able to sign in with valid credentials and should verify the success message"]]>
              </value>
            </param>
            <param index="1">
              <value>
                <![CDATA["DemoTours Login Function Feature"]]>
              </value>
            </param>
          </params>
          <reporter-output>
          </reporter-output>
        </test-method> <!-- runScenario -->
        <test-method is-config="true" signature="tearDownClass()[pri:0, instance:com.runner.RunnerFile@4d5650ae]" started-at="2022-03-15T18:56:59 EDT" name="tearDownClass" finished-at="2022-03-15T18:57:00 EDT" duration-ms="24" status="PASS">
          <reporter-output>
          </reporter-output>
        </test-method> <!-- tearDownClass -->
      </class> <!-- com.runner.RunnerFile -->
    </test> <!-- Test -->
  </suite> <!-- Suite -->
</testng-results>
